<?xml version="1.0" encoding="UTF-8"?>
<testsuite xmlns:xsi="http://www.w3.org/2001/XMLSchema-instance" xsi:noNamespaceSchemaLocation="https://maven.apache.org/surefire/maven-failsafe-plugin/xsd/failsafe-test-report-3.0.xsd" version="3.0" name="pl.javorek.tdd.DemoApplicationSpec" time="2.037" tests="1" errors="0" skipped="0" failures="0">
  <properties>
[...]
</properties>
  <testcase name="should load context" classname="pl.javorek.tdd.DemoApplicationSpec" time="0.295">
    <system-out><![CDATA[21:40:05.206 [main] INFO org.springframework.test.context.support.AnnotationConfigContextLoaderUtils -- Could not detect default configuration classes for test class [pl.javorek.tdd.DemoApplicationSpec]: DemoApplicationSpec does not declare any static, non-private, non-final, nested classes annotated with @Configuration.
21:40:05.252 [main] INFO org.springframework.boot.test.context.SpringBootTestContextBootstrapper -- Found @SpringBootConfiguration pl.javorek.tdd.DemoApplication for test class pl.javorek.tdd.DemoApplicationSpec
21:40:05.307 [main] INFO org.springframework.test.context.support.AnnotationConfigContextLoaderUtils -- Could not detect default configuration classes for test class [pl.javorek.tdd.DemoApplicationSpec]: DemoApplicationSpec does not declare any static, non-private, non-final, nested classes annotated with @Configuration.
21:40:05.309 [main] INFO org.springframework.boot.test.context.SpringBootTestContextBootstrapper -- Found @SpringBootConfiguration pl.javorek.tdd.DemoApplication for test class pl.javorek.tdd.DemoApplicationSpec

  .   ____          _            __ _ _
 /\\ / ___'_ __ _ _(_)_ __  __ _ \ \ \ \
( ( )\___ | '_ | '_| | '_ \/ _` | \ \ \ \
 \\/  ___)| |_)| | | | | || (_| |  ) ) ) )
  '  |____| .__|_| |_|_| |_\__, | / / / /
 =========|_|==============|___/=/_/_/_/
 :: Spring Boot ::                (v3.1.5)

2024-01-06T21:40:05.534+01:00  INFO 3178 --- [           main] pl.javorek.tdd.DemoApplicationSpec       : Starting DemoApplicationSpec using Java 17.0.8 with PID 3178 (started by paweljaworski in /Users/paweljaworski/projects/github/TDD)
2024-01-06T21:40:05.535+01:00  INFO 3178 --- [           main] pl.javorek.tdd.DemoApplicationSpec       : No active profile set, falling back to 1 default profile: "default"
2024-01-06T21:40:05.803+01:00  INFO 3178 --- [           main] .s.d.r.c.RepositoryConfigurationDelegate : Bootstrapping Spring Data JPA repositories in DEFAULT mode.
2024-01-06T21:40:05.829+01:00  INFO 3178 --- [           main] .s.d.r.c.RepositoryConfigurationDelegate : Finished Spring Data repository scanning in 22 ms. Found 1 JPA repository interfaces.
2024-01-06T21:40:06.065+01:00  INFO 3178 --- [           main] com.zaxxer.hikari.HikariDataSource       : HikariPool-1 - Starting...
2024-01-06T21:40:06.159+01:00  INFO 3178 --- [           main] com.zaxxer.hikari.pool.HikariPool        : HikariPool-1 - Added connection conn0: url=jdbc:h2:mem:f992eb0b-3a9d-40e4-8d5c-efd69fbb8116 user=SA
2024-01-06T21:40:06.160+01:00  INFO 3178 --- [           main] com.zaxxer.hikari.HikariDataSource       : HikariPool-1 - Start completed.
2024-01-06T21:40:06.184+01:00  INFO 3178 --- [           main] o.hibernate.jpa.internal.util.LogHelper  : HHH000204: Processing PersistenceUnitInfo [name: default]
2024-01-06T21:40:06.219+01:00  INFO 3178 --- [           main] org.hibernate.Version                    : HHH000412: Hibernate ORM core version 6.2.13.Final
2024-01-06T21:40:06.220+01:00  INFO 3178 --- [           main] org.hibernate.cfg.Environment            : HHH000406: Using bytecode reflection optimizer
2024-01-06T21:40:06.335+01:00  INFO 3178 --- [           main] o.s.o.j.p.SpringPersistenceUnitInfo      : No LoadTimeWeaver setup: ignoring JPA class transformer
2024-01-06T21:40:06.672+01:00  INFO 3178 --- [           main] o.h.e.t.j.p.i.JtaPlatformInitiator       : HHH000489: No JTA platform available (set 'hibernate.transaction.jta.platform' to enable JTA platform integration)
2024-01-06T21:40:06.684+01:00  INFO 3178 --- [           main] j.LocalContainerEntityManagerFactoryBean : Initialized JPA EntityManagerFactory for persistence unit 'default'
2024-01-06T21:40:06.907+01:00  WARN 3178 --- [           main] JpaBaseConfiguration$JpaWebConfiguration : spring.jpa.open-in-view is enabled by default. Therefore, database queries may be performed during view rendering. Explicitly configure spring.jpa.open-in-view to disable this warning
2024-01-06T21:40:07.055+01:00  WARN 3178 --- [           main] .s.s.UserDetailsServiceAutoConfiguration : 

Using generated security password: fd6efc8b-9993-48e5-a45c-1e08e167d7b7

This generated password is for development use only. Your security configuration must be updated before running your application in production.

2024-01-06T21:40:07.119+01:00  INFO 3178 --- [           main] o.s.s.web.DefaultSecurityFilterChain     : Will secure any request with [org.springframework.security.web.session.DisableEncodeUrlFilter@5e1bfe66, org.springframework.security.web.context.request.async.WebAsyncManagerIntegrationFilter@6c399d4, org.springframework.security.web.context.SecurityContextHolderFilter@6d70e68b, org.springframework.security.web.header.HeaderWriterFilter@69346100, org.springframework.security.web.csrf.CsrfFilter@22942eff, org.springframework.security.web.authentication.logout.LogoutFilter@2c8c42c, org.springframework.security.web.authentication.UsernamePasswordAuthenticationFilter@b8c6406, org.springframework.security.web.authentication.ui.DefaultLoginPageGeneratingFilter@3df4cd96, org.springframework.security.web.authentication.ui.DefaultLogoutPageGeneratingFilter@726dd367, org.springframework.security.web.authentication.www.BasicAuthenticationFilter@5c20841d, org.springframework.security.web.savedrequest.RequestCacheAwareFilter@3b38f032, org.springframework.security.web.servletapi.SecurityContextHolderAwareRequestFilter@1315befe, org.springframework.security.web.authentication.AnonymousAuthenticationFilter@433362e0, org.springframework.security.web.access.ExceptionTranslationFilter@4f579582, org.springframework.security.web.access.intercept.AuthorizationFilter@22a8e87b]
2024-01-06T21:40:07.144+01:00  INFO 3178 --- [           main] pl.javorek.tdd.DemoApplicationSpec       : Started DemoApplicationSpec in 1.716 seconds (process running for 2.223)
]]></system-out>
  </testcase>
</testsuite>